<?xml version="1.0" encoding="UTF-8"?>
<!-- Generated by org.testng.reporters.JUnitReportReporter -->
<testsuite skipped="0" hostname="LAPTOP-PN70LU10" name="testscipt.Test1" tests="1" failures="0" timestamp="02 Jun 2018 17:57:07 GMT" time="99.581" errors="0">
  <testcase name="testFacebookHome" time="99.581" classname="testscipt.Test1"/>
</testsuite> <!-- testscipt.Test1 -->
