<?xml version="1.0" encoding="UTF-8"?>
<!-- Generated by org.testng.reporters.JUnitReportReporter -->
<testsuite skipped="0" hostname="LAPTOP-PN70LU10" name="testscipt.Test2" tests="1" failures="0" timestamp="02 Jun 2018 09:34:31 GMT" time="16.356" errors="0">
  <testcase name="testinstagramHome" time="16.356" classname="testscipt.Test2"/>
</testsuite> <!-- testscipt.Test2 -->
